# JRE version: OpenJDK Runtime Environment Temurin-21.0.7+6 (21.0.7+6) (build 21.0.7+6-LTS)
# Java VM: OpenJDK 64-Bit Server VM Temurin-21.0.7+6 (21.0.7+6-LTS, mixed mode, sharing, tiered, compressed oops, compressed class ptrs, g1 gc, linux-amd64)
GC Precious Log:
 CardTable entry size: 512
 Card Set container configuration: InlinePtr #cards 4 size 8 Array Of Cards #cards 32 size 80 Howl #buckets 8 coarsen threshold 7372 Howl Bitmap #cards 1024 size 144 coarsen threshold 921 Card regions per heap region 1 cards per card region 8192
 CPUs: 8 total, 8 available
 Memory: 31833M
 Large Page Support: Disabled
 NUMA Support: Disabled
 Compressed Oops: Enabled (Zero based)
 Heap Region Size: 4M
 Heap Min Capacity: 8M
 Heap Initial Capacity: 500M
 Heap Max Capacity: 7960M
 Pre-touch: Disabled
 Parallel Workers: 8
 Concurrent Workers: 2
 Concurrent Refinement Workers: 8
 Periodic GC: Disabled
Heap:
 garbage-first heap   total 98304K, used 66255K [0x000000060e800000, 0x0000000800000000)
  region size 4096K, 11 young (45056K), 0 survivors (0K)
 Metaspace       used 70014K, committed 70848K, reserved 1114112K
  class space    used 8835K, committed 9280K, reserved 1048576K
GC Heap History (20 events):
Event: 1950.452 GC heap before
{Heap before GC invocations=18 (full 1):
 garbage-first heap   total 98304K, used 78062K [0x000000060e800000, 0x0000000800000000)
  region size 4096K, 14 young (57344K), 0 survivors (0K)
 Metaspace       used 67890K, committed 68736K, reserved 1114112K
  class space    used 8825K, committed 9216K, reserved 1048576K
}
Event: 1950.457 GC heap after
{Heap after GC invocations=19 (full 1):
 garbage-first heap   total 98304K, used 29814K [0x000000060e800000, 0x0000000800000000)
  region size 4096K, 2 young (8192K), 2 survivors (8192K)
 Metaspace       used 67890K, committed 68736K, reserved 1114112K
  class space    used 8825K, committed 9216K, reserved 1048576K
}
Event: 2391.847 GC heap before
{Heap before GC invocations=20 (full 1):
 garbage-first heap   total 98304K, used 38006K [0x000000060e800000, 0x0000000800000000)
  region size 4096K, 5 young (20480K), 2 survivors (8192K)
 Metaspace       used 67921K, committed 68736K, reserved 1114112K
  class space    used 8825K, committed 9216K, reserved 1048576K
}
Event: 2391.890 GC heap after
{Heap after GC invocations=21 (full 2):
 garbage-first heap   total 98304K, used 24980K [0x000000060e800000, 0x0000000800000000)
  region size 4096K, 0 young (0K), 0 survivors (0K)
 Metaspace       used 67921K, committed 68736K, reserved 1114112K
  class space    used 8825K, committed 9216K, reserved 1048576K
}
Event: 2505.104 GC heap before
{Heap before GC invocations=21 (full 2):
 garbage-first heap   total 98304K, used 82324K [0x000000060e800000, 0x0000000800000000)
  region size 4096K, 14 young (57344K), 0 survivors (0K)
 Metaspace       used 68652K, committed 69440K, reserved 1114112K
  class space    used 8845K, committed 9216K, reserved 1048576K
}
Event: 2505.107 GC heap after
{Heap after GC invocations=22 (full 2):
 garbage-first heap   total 98304K, used 29832K [0x000000060e800000, 0x0000000800000000)
  region size 4096K, 2 young (8192K), 2 survivors (8192K)
 Metaspace       used 68652K, committed 69440K, reserved 1114112K
  class space    used 8845K, committed 9216K, reserved 1048576K
}
Event: 2571.003 GC heap before
{Heap before GC invocations=23 (full 2):
 garbage-first heap   total 98304K, used 29832K [0x000000060e800000, 0x0000000800000000)
  region size 4096K, 3 young (12288K), 2 survivors (8192K)
 Metaspace       used 68676K, committed 69440K, reserved 1114112K
  class space    used 8845K, committed 9216K, reserved 1048576K
}
Event: 2571.044 GC heap after
{Heap after GC invocations=24 (full 3):
 garbage-first heap   total 98304K, used 25207K [0x000000060e800000, 0x0000000800000000)
  region size 4096K, 0 young (0K), 0 survivors (0K)
 Metaspace       used 68676K, committed 69440K, reserved 1114112K
  class space    used 8845K, committed 9216K, reserved 1048576K
}
Event: 2571.510 GC heap before
{Heap before GC invocations=24 (full 3):
 garbage-first heap   total 98304K, used 78455K [0x000000060e800000, 0x0000000800000000)
  region size 4096K, 13 young (53248K), 0 survivors (0K)
 Metaspace       used 69251K, committed 70080K, reserved 1114112K
  class space    used 8866K, committed 9280K, reserved 1048576K
}
Event: 2571.513 GC heap after
{Heap after GC invocations=25 (full 3):
 garbage-first heap   total 98304K, used 30927K [0x000000060e800000, 0x0000000800000000)
  region size 4096K, 2 young (8192K), 2 survivors (8192K)
 Metaspace       used 69251K, committed 70080K, reserved 1114112K
  class space    used 8866K, committed 9280K, reserved 1048576K
}
Event: 2707.087 GC heap before
{Heap before GC invocations=26 (full 3):
 garbage-first heap   total 98304K, used 35023K [0x000000060e800000, 0x0000000800000000)
  region size 4096K, 4 young (16384K), 2 survivors (8192K)
 Metaspace       used 69299K, committed 70144K, reserved 1114112K
  class space    used 8867K, committed 9280K, reserved 1048576K
}
Event: 2707.126 GC heap after
{Heap after GC invocations=27 (full 4):
 garbage-first heap   total 98304K, used 25429K [0x000000060e800000, 0x0000000800000000)
  region size 4096K, 0 young (0K), 0 survivors (0K)
 Metaspace       used 69296K, committed 70144K, reserved 1114112K
  class space    used 8866K, committed 9280K, reserved 1048576K
}
Event: 2820.288 GC heap before
{Heap before GC invocations=27 (full 4):
 garbage-first heap   total 98304K, used 82773K [0x000000060e800000, 0x0000000800000000)
  region size 4096K, 14 young (57344K), 0 survivors (0K)
 Metaspace       used 69764K, committed 70592K, reserved 1114112K
  class space    used 8887K, committed 9280K, reserved 1048576K
}
Event: 2820.293 GC heap after
{Heap after GC invocations=28 (full 4):
 garbage-first heap   total 98304K, used 30371K [0x000000060e800000, 0x0000000800000000)
  region size 4096K, 2 young (8192K), 2 survivors (8192K)
 Metaspace       used 69764K, committed 70592K, reserved 1114112K
  class space    used 8887K, committed 9280K, reserved 1048576K
}
Event: 5650.335 GC heap before
{Heap before GC invocations=29 (full 4):
 garbage-first heap   total 98304K, used 75427K [0x000000060e800000, 0x0000000800000000)
  region size 4096K, 13 young (53248K), 2 survivors (8192K)
 Metaspace       used 69819K, committed 70656K, reserved 1114112K
  class space    used 8886K, committed 9280K, reserved 1048576K
}
Event: 5650.340 GC heap after
{Heap after GC invocations=30 (full 4):
 garbage-first heap   total 98304K, used 30683K [0x000000060e800000, 0x0000000800000000)
  region size 4096K, 1 young (4096K), 1 survivors (4096K)
 Metaspace       used 69819K, committed 70656K, reserved 1114112K
  class space    used 8886K, committed 9280K, reserved 1048576K
}
Event: 8654.336 GC heap before
{Heap before GC invocations=30 (full 4):
 garbage-first heap   total 98304K, used 79835K [0x000000060e800000, 0x0000000800000000)
  region size 4096K, 13 young (53248K), 1 survivors (4096K)
 Metaspace       used 69873K, committed 70720K, reserved 1114112K
  class space    used 8886K, committed 9280K, reserved 1048576K
}
Event: 8654.338 GC heap after
{Heap after GC invocations=31 (full 4):
 garbage-first heap   total 98304K, used 29409K [0x000000060e800000, 0x0000000800000000)
  region size 4096K, 1 young (4096K), 1 survivors (4096K)
 Metaspace       used 69873K, committed 70720K, reserved 1114112K
  class space    used 8886K, committed 9280K, reserved 1048576K
}
Event: 8941.492 GC heap before
{Heap before GC invocations=31 (full 4):
 garbage-first heap   total 98304K, used 33505K [0x000000060e800000, 0x0000000800000000)
  region size 4096K, 3 young (12288K), 1 survivors (4096K)
 Metaspace       used 69884K, committed 70720K, reserved 1114112K
  class space    used 8887K, committed 9280K, reserved 1048576K
}
Event: 8941.534 GC heap after
{Heap after GC invocations=32 (full 5):
 garbage-first heap   total 98304K, used 25295K [0x000000060e800000, 0x0000000800000000)
  region size 4096K, 0 young (0K), 0 survivors (0K)
 Metaspace       used 69608K, committed 70720K, reserved 1114112K
  class space    used 8813K, committed 9280K, reserved 1048576K
}

